Using pre-set license
Built from '2022.3/release' branch; Version is '2022.3.20f1 (61c2feb0970d) revision 6406910'; Using compiler version '192829333'; Build Type 'Release'
OS: 'Windows 11  (10.0.26100) 64bit CoreSingleLanguage' Language: 'ru' Physical Memory: 16092 MB
BatchMode: 1, IsHumanControllingUs: 0, StartBugReporterOnCrash: 0, Is64bit: 1, IsPro: 1

COMMAND LINE ARGUMENTS:
D:\Unity Project\2022.3.20f1\Editor\Unity.exe
-adb2
-batchMode
-noUpm
-name
AssetImportWorker1
-projectPath
D:/Unity Project/My Project/Mahjong
-logFile
Logs/AssetImportWorker1.log
-srvPort
50442
Successfully changed project path to: D:/Unity Project/My Project/Mahjong
D:/Unity Project/My Project/Mahjong
[UnityMemory] Configuration Parameters - Can be set up in boot.config
    "memorysetup-bucket-allocator-granularity=16"
    "memorysetup-bucket-allocator-bucket-count=8"
    "memorysetup-bucket-allocator-block-size=33554432"
    "memorysetup-bucket-allocator-block-count=8"
    "memorysetup-main-allocator-block-size=16777216"
    "memorysetup-thread-allocator-block-size=16777216"
    "memorysetup-gfx-main-allocator-block-size=16777216"
    "memorysetup-gfx-thread-allocator-block-size=16777216"
    "memorysetup-cache-allocator-block-size=4194304"
    "memorysetup-typetree-allocator-block-size=2097152"
    "memorysetup-profiler-bucket-allocator-granularity=16"
    "memorysetup-profiler-bucket-allocator-bucket-count=8"
    "memorysetup-profiler-bucket-allocator-block-size=33554432"
    "memorysetup-profiler-bucket-allocator-block-count=8"
    "memorysetup-profiler-allocator-block-size=16777216"
    "memorysetup-profiler-editor-allocator-block-size=1048576"
    "memorysetup-temp-allocator-size-main=16777216"
    "memorysetup-job-temp-allocator-block-size=2097152"
    "memorysetup-job-temp-allocator-block-size-background=1048576"
    "memorysetup-job-temp-allocator-reduction-small-platforms=262144"
    "memorysetup-allocator-temp-initial-block-size-main=262144"
    "memorysetup-allocator-temp-initial-block-size-worker=262144"
    "memorysetup-temp-allocator-size-background-worker=32768"
    "memorysetup-temp-allocator-size-job-worker=262144"
    "memorysetup-temp-allocator-size-preload-manager=33554432"
    "memorysetup-temp-allocator-size-nav-mesh-worker=65536"
    "memorysetup-temp-allocator-size-audio-worker=65536"
    "memorysetup-temp-allocator-size-cloud-worker=32768"
    "memorysetup-temp-allocator-size-gi-baking-worker=262144"
    "memorysetup-temp-allocator-size-gfx=262144"
Player connection [13244] Host "[IP] 192.168.0.17 [Port] 0 [Flags] 2 [Guid] 1795587650 [EditorId] 1795587650 [Version] 1048832 [Id] WindowsEditor(7,KsuuShenka) [Debug] 1 [PackageName] WindowsEditor [ProjectName] Editor" joined multi-casting on [225.0.0.222:54997]...

Player connection [13244] Host "[IP] 192.168.0.17 [Port] 0 [Flags] 2 [Guid] 1795587650 [EditorId] 1795587650 [Version] 1048832 [Id] WindowsEditor(7,KsuuShenka) [Debug] 1 [PackageName] WindowsEditor [ProjectName] Editor" joined alternative multi-casting on [225.0.0.222:34997]...

[Physics::Module] Initialized MultithreadedJobDispatcher with 11 workers.
Refreshing native plugins compatible for Editor in 7.78 ms, found 4 plugins.
Preloading 0 native plugins for Editor in 0.00 ms.
Initialize engine version: 2022.3.20f1 (61c2feb0970d)
[Subsystems] Discovering subsystems at path D:/Unity Project/2022.3.20f1/Editor/Data/Resources/UnitySubsystems
[Subsystems] Discovering subsystems at path D:/Unity Project/My Project/Mahjong/Assets
GfxDevice: creating device client; threaded=0; jobified=0
Direct3D:
    Version:  Direct3D 11.0 [level 11.1]
    Renderer: Intel(R) UHD Graphics (ID=0x46a3)
    Vendor:   Intel
    VRAM:     8046 MB
    Driver:   31.0.101.4032
Initialize mono
Mono path[0] = 'D:/Unity Project/2022.3.20f1/Editor/Data/Managed'
Mono path[1] = 'D:/Unity Project/2022.3.20f1/Editor/Data/MonoBleedingEdge/lib/mono/unityjit-win32'
Mono config path = 'D:/Unity Project/2022.3.20f1/Editor/Data/MonoBleedingEdge/etc'
Using monoOptions --debugger-agent=transport=dt_socket,embedding=1,server=y,suspend=n,address=127.0.0.1:56164
Begin MonoManager ReloadAssembly
Registering precompiled unity dll's ...
Register platform support module: D:/Unity Project/2022.3.20f1/Editor/Data/PlaybackEngines/WebGLSupport/UnityEditor.WebGL.Extensions.dll
Register platform support module: D:/Unity Project/2022.3.20f1/Editor/Data/PlaybackEngines/AndroidPlayer/UnityEditor.Android.Extensions.dll
Register platform support module: D:/Unity Project/2022.3.20f1/Editor/Data/PlaybackEngines/WindowsStandaloneSupport/UnityEditor.WindowsStandalone.Extensions.dll
Registered in 0.003970 seconds.
- Loaded All Assemblies, in  0.308 seconds
Native extension for WindowsStandalone target not found
Native extension for Android target not found
Android Extension - Scanning For ADB Devices 392 ms
Native extension for WebGL target not found
Mono: successfully reloaded assembly
- Finished resetting the current domain, in  0.714 seconds
Domain Reload Profiling: 1022ms
	BeginReloadAssembly (95ms)
		ExecutionOrderSort (0ms)
		DisableScriptedObjects (0ms)
		BackupInstance (0ms)
		ReleaseScriptingObjects (0ms)
		CreateAndSetChildDomain (1ms)
	RebuildCommonClasses (28ms)
	RebuildNativeTypeToScriptingClass (8ms)
	initialDomainReloadingComplete (46ms)
	LoadAllAssembliesAndSetupDomain (131ms)
		LoadAssemblies (95ms)
		RebuildTransferFunctionScriptingTraits (0ms)
		AnalyzeDomain (129ms)
			TypeCache.Refresh (127ms)
				TypeCache.ScanAssembly (115ms)
			ScanForSourceGeneratedMonoScriptInfo (0ms)
			ResolveRequiredComponents (0ms)
	FinalizeReload (714ms)
		ReleaseScriptCaches (0ms)
		RebuildScriptCaches (0ms)
		SetupLoadedEditorAssemblies (662ms)
			LogAssemblyErrors (0ms)
			InitializePlatformSupportModulesInManaged (507ms)
			SetLoadedEditorAssemblies (4ms)
			RefreshPlugins (0ms)
			BeforeProcessingInitializeOnLoad (2ms)
			ProcessInitializeOnLoadAttributes (106ms)
			ProcessInitializeOnLoadMethodAttributes (43ms)
			AfterProcessingInitializeOnLoad (0ms)
			EditorAssembliesLoaded (0ms)
		ExecutionOrderSort2 (0ms)
		AwakeInstancesAfterBackupRestoration (0ms)
========================================================================
Worker process is ready to serve import requests
Begin MonoManager ReloadAssembly
- Loaded All Assemblies, in  0.576 seconds
Refreshing native plugins compatible for Editor in 2.46 ms, found 4 plugins.
Native extension for WindowsStandalone target not found
Native extension for Android target not found
Native extension for WebGL target not found
Mono: successfully reloaded assembly
- Finished resetting the current domain, in  0.626 seconds
Domain Reload Profiling: 1202ms
	BeginReloadAssembly (124ms)
		ExecutionOrderSort (0ms)
		DisableScriptedObjects (4ms)
		BackupInstance (0ms)
		ReleaseScriptingObjects (0ms)
		CreateAndSetChildDomain (22ms)
	RebuildCommonClasses (31ms)
	RebuildNativeTypeToScriptingClass (8ms)
	initialDomainReloadingComplete (34ms)
	LoadAllAssembliesAndSetupDomain (379ms)
		LoadAssemblies (291ms)
		RebuildTransferFunctionScriptingTraits (0ms)
		AnalyzeDomain (158ms)
			TypeCache.Refresh (135ms)
				TypeCache.ScanAssembly (119ms)
			ScanForSourceGeneratedMonoScriptInfo (18ms)
			ResolveRequiredComponents (4ms)
	FinalizeReload (627ms)
		ReleaseScriptCaches (0ms)
		RebuildScriptCaches (0ms)
		SetupLoadedEditorAssemblies (455ms)
			LogAssemblyErrors (0ms)
			InitializePlatformSupportModulesInManaged (30ms)
			SetLoadedEditorAssemblies (4ms)
			RefreshPlugins (0ms)
			BeforeProcessingInitializeOnLoad (60ms)
			ProcessInitializeOnLoadAttributes (329ms)
			ProcessInitializeOnLoadMethodAttributes (30ms)
			AfterProcessingInitializeOnLoad (1ms)
			EditorAssembliesLoaded (0ms)
		ExecutionOrderSort2 (0ms)
		AwakeInstancesAfterBackupRestoration (5ms)
Launched and connected shader compiler UnityShaderCompiler.exe after 0.08 seconds
Refreshing native plugins compatible for Editor in 2.32 ms, found 4 plugins.
Preloading 0 native plugins for Editor in 0.00 ms.
Unloading 4078 Unused Serialized files (Serialized files now loaded: 0)
Unloading 67 unused Assets / (217.0 KB). Loaded Objects now: 4540.
Memory consumption went from 151.3 MB to 151.1 MB.
Total: 3.420900 ms (FindLiveObjects: 0.403900 ms CreateObjectMapping: 0.168600 ms MarkObjects: 2.583900 ms  DeleteObjects: 0.263000 ms)

AssetImportParameters requested are different than current active one (requested -> active):
  custom:container-demuxer-ogg: 62fdf1f143b41e24485cea50d1cbac27 -> 
  custom:video-codec-MediaFoundation-h265: 746d11721c4dcdbdad8f713fa42b33f4 -> 
  custom:video-decoder-ogg-theora: a1e56fd34408186e4bbccfd4996cb3dc -> 
  custom:framework-win-MediaFoundation: 216162199b28c13a410421893ffa2e32 -> 
  custom:CustomObjectIndexerAttribute: 6d391050e5a25f67b0a2c618074f2cd9 -> 
  custom:container-demuxer-webm: 4f35f7cbe854078d1ac9338744f61a02 -> 
  custom:container-muxer-webm: aa71ff27fc2769a1b78a27578f13a17b -> 
  custom:video-decoder-webm-vp8: 9c59270c3fd7afecdb556c50c9e8de78 -> 
  custom:SearchIndexIgnoredProperties: e643bd26f0fe6173181afceb89e7c659 -> 
  custom:AudioImporter_EditorPlatform: d09bf68614088b80899f8185d706f6e7 -> 
  custom:video-encoder-webm-vp8: eb34c28f22e8b96e1ab97ce403110664 -> 
  custom:audio-decoder-ogg-vorbis: bf7c407c2cedff20999df2af8eb42d56 -> 
  custom:audio-encoder-webm-vorbis: bf7c407c2cedff20999df2af8eb42d56 -> 
========================================================================
Received Import Request.
  Time since last request: 309124.016605 seconds.
  path: Assets/tileMajong.prefab
  artifactKey: Guid(835bb8b1974a7f7488dd0548178e7cf0) Importer(815301076,1909f56bfc062723c751e8b465ee728b)
Start importing Assets/tileMajong.prefab using Guid(835bb8b1974a7f7488dd0548178e7cf0) Importer(815301076,1909f56bfc062723c751e8b465ee728b)  -> (artifact id: '9c4df4274a550f642161d15aca0da2b2') in 0.087267 seconds
Number of updated asset objects reloaded before import = 0
Number of asset objects unloaded after import = 10
========================================================================
Received Import Request.
  Time since last request: 0.000039 seconds.
  path: Assets/Elements/buttonFall.png
  artifactKey: Guid(e9e5bb75985477f4ea31416c8ab8cd42) Importer(815301076,1909f56bfc062723c751e8b465ee728b)
Start importing Assets/Elements/buttonFall.png using Guid(e9e5bb75985477f4ea31416c8ab8cd42) Importer(815301076,1909f56bfc062723c751e8b465ee728b)  -> (artifact id: '932644c74268cc79d9479b7eea5641a2') in 0.025868 seconds
Number of updated asset objects reloaded before import = 0
Number of asset objects unloaded after import = 3
========================================================================
Received Import Request.
  Time since last request: 3.764780 seconds.
  path: Assets/tilesSprite/tileBuckthorn.png
  artifactKey: Guid(a05f3b4c01df40449bd694c73e220efb) Importer(815301076,1909f56bfc062723c751e8b465ee728b)
Start importing Assets/tilesSprite/tileBuckthorn.png using Guid(a05f3b4c01df40449bd694c73e220efb) Importer(815301076,1909f56bfc062723c751e8b465ee728b)  -> (artifact id: 'e40565602c05ee0afb4b68ab7c06e760') in 0.052759 seconds
Number of updated asset objects reloaded before import = 0
Number of asset objects unloaded after import = 3
========================================================================
Received Import Request.
  Time since last request: 0.000021 seconds.
  path: Assets/tilesSprite/tileTea.png
  artifactKey: Guid(25d9c8cf6c1a36c4aa1b7bbc23b0516b) Importer(815301076,1909f56bfc062723c751e8b465ee728b)
Start importing Assets/tilesSprite/tileTea.png using Guid(25d9c8cf6c1a36c4aa1b7bbc23b0516b) Importer(815301076,1909f56bfc062723c751e8b465ee728b)  -> (artifact id: '04026a97d040543f5e922dc6f0718665') in 0.042044 seconds
Number of updated asset objects reloaded before import = 0
Number of asset objects unloaded after import = 3
========================================================================
Received Import Request.
  Time since last request: 0.000024 seconds.
  path: Assets/tilesSprite/tileCherry.png
  artifactKey: Guid(f45d36fdc84293d49a4f0bc61114c121) Importer(815301076,1909f56bfc062723c751e8b465ee728b)
Start importing Assets/tilesSprite/tileCherry.png using Guid(f45d36fdc84293d49a4f0bc61114c121) Importer(815301076,1909f56bfc062723c751e8b465ee728b)  -> (artifact id: '81a20e51562c1e80fd33ca56dcd46bd0') in 0.019656 seconds
Number of updated asset objects reloaded before import = 0
Number of asset objects unloaded after import = 3
========================================================================
Received Import Request.
  Time since last request: 3.304372 seconds.
  path: Assets/Food icons Pack/PNG/apple .png
  artifactKey: Guid(2aa6ab62866ce4439ab7303f7da55e51) Importer(815301076,1909f56bfc062723c751e8b465ee728b)
Start importing Assets/Food icons Pack/PNG/apple .png using Guid(2aa6ab62866ce4439ab7303f7da55e51) Importer(815301076,1909f56bfc062723c751e8b465ee728b)  -> (artifact id: 'c09f4a3f930de20765d6f927ce6580d6') in 0.019523 seconds
Number of updated asset objects reloaded before import = 0
Number of asset objects unloaded after import = 3
========================================================================
Received Import Request.
  Time since last request: 0.000075 seconds.
  path: Assets/Food icons Pack/PNG/beet.png
  artifactKey: Guid(b83080d92786f42589381bbe09110c3c) Importer(815301076,1909f56bfc062723c751e8b465ee728b)
Start importing Assets/Food icons Pack/PNG/beet.png using Guid(b83080d92786f42589381bbe09110c3c) Importer(815301076,1909f56bfc062723c751e8b465ee728b)  -> (artifact id: 'e0db9e0c192819dc2e919d24f0932663') in 0.016257 seconds
Number of updated asset objects reloaded before import = 0
Number of asset objects unloaded after import = 3
========================================================================
Received Import Request.
  Time since last request: 0.000037 seconds.
  path: Assets/Food icons Pack/PNG/blueberry.png
  artifactKey: Guid(26b4d8692c5e74d17bd9dc28bcbe961b) Importer(815301076,1909f56bfc062723c751e8b465ee728b)
Start importing Assets/Food icons Pack/PNG/blueberry.png using Guid(26b4d8692c5e74d17bd9dc28bcbe961b) Importer(815301076,1909f56bfc062723c751e8b465ee728b)  -> (artifact id: 'bb8a1a1f482ed75ebc2122ad1f605e0b') in 0.015952 seconds
Number of updated asset objects reloaded before import = 0
Number of asset objects unloaded after import = 3
========================================================================
Received Import Request.
  Time since last request: 0.000017 seconds.
  path: Assets/Food icons Pack/PNG/cake2.png
  artifactKey: Guid(2cc4c147b6b7649d6ac98a928018c544) Importer(815301076,1909f56bfc062723c751e8b465ee728b)
Start importing Assets/Food icons Pack/PNG/cake2.png using Guid(2cc4c147b6b7649d6ac98a928018c544) Importer(815301076,1909f56bfc062723c751e8b465ee728b)  -> (artifact id: '086701b81549596b74ebd38dd9c2ee60') in 0.013705 seconds
Number of updated asset objects reloaded before import = 0
Number of asset objects unloaded after import = 3
========================================================================
Received Import Request.
  Time since last request: 0.000017 seconds.
  path: Assets/Food icons Pack/PNG/carrot.png
  artifactKey: Guid(1fbdfb9bf6c2e4397a1d62eed589ec1f) Importer(815301076,1909f56bfc062723c751e8b465ee728b)
Start importing Assets/Food icons Pack/PNG/carrot.png using Guid(1fbdfb9bf6c2e4397a1d62eed589ec1f) Importer(815301076,1909f56bfc062723c751e8b465ee728b)  -> (artifact id: '69713d23be676c6d4769a9b6aff33864') in 0.011552 seconds
Number of updated asset objects reloaded before import = 0
Number of asset objects unloaded after import = 3
========================================================================
Received Import Request.
  Time since last request: 0.000024 seconds.
  path: Assets/Food icons Pack/PNG/cheese2.png
  artifactKey: Guid(b0155957134394e3ab756113ac6a977e) Importer(815301076,1909f56bfc062723c751e8b465ee728b)
Start importing Assets/Food icons Pack/PNG/cheese2.png using Guid(b0155957134394e3ab756113ac6a977e) Importer(815301076,1909f56bfc062723c751e8b465ee728b)  -> (artifact id: '3c2bb8b50e4cce5f9d9df06617cf0e31') in 0.010907 seconds
Number of updated asset objects reloaded before import = 0
Number of asset objects unloaded after import = 3
========================================================================
Received Import Request.
  Time since last request: 0.000016 seconds.
  path: Assets/Food icons Pack/PNG/cocount.png
  artifactKey: Guid(b3429463970104bf59512601788bb258) Importer(815301076,1909f56bfc062723c751e8b465ee728b)
Start importing Assets/Food icons Pack/PNG/cocount.png using Guid(b3429463970104bf59512601788bb258) Importer(815301076,1909f56bfc062723c751e8b465ee728b)  -> (artifact id: 'df2c2c93b47e49ffabbe758251067440') in 0.010994 seconds
Number of updated asset objects reloaded before import = 0
Number of asset objects unloaded after import = 3
========================================================================
Received Import Request.
  Time since last request: 0.000016 seconds.
  path: Assets/Food icons Pack/PNG/corn.png
  artifactKey: Guid(23de36d9c9c854d4dbb503079e846575) Importer(815301076,1909f56bfc062723c751e8b465ee728b)
Start importing Assets/Food icons Pack/PNG/corn.png using Guid(23de36d9c9c854d4dbb503079e846575) Importer(815301076,1909f56bfc062723c751e8b465ee728b)  -> (artifact id: '89c9970b2d25e35ee4c10938e94f9302') in 0.010346 seconds
Number of updated asset objects reloaded before import = 0
Number of asset objects unloaded after import = 3
========================================================================
Received Import Request.
  Time since last request: 0.000017 seconds.
  path: Assets/Food icons Pack/PNG/fish.png
  artifactKey: Guid(5015cfb60d29d45d9b4b73a29dac9603) Importer(815301076,1909f56bfc062723c751e8b465ee728b)
Start importing Assets/Food icons Pack/PNG/fish.png using Guid(5015cfb60d29d45d9b4b73a29dac9603) Importer(815301076,1909f56bfc062723c751e8b465ee728b)  -> (artifact id: '98f817848ef33f081e1018352f1167a1') in 0.010722 seconds
Number of updated asset objects reloaded before import = 0
Number of asset objects unloaded after import = 3
========================================================================
Received Import Request.
  Time since last request: 0.000016 seconds.
  path: Assets/Food icons Pack/PNG/granat.png
  artifactKey: Guid(af559321fb6ed4843b3012b08adfebb9) Importer(815301076,1909f56bfc062723c751e8b465ee728b)
Start importing Assets/Food icons Pack/PNG/granat.png using Guid(af559321fb6ed4843b3012b08adfebb9) Importer(815301076,1909f56bfc062723c751e8b465ee728b)  -> (artifact id: 'da4d137c9d54ce0935391d3724a21bf0') in 0.010717 seconds
Number of updated asset objects reloaded before import = 0
Number of asset objects unloaded after import = 3
========================================================================
Received Import Request.
  Time since last request: 0.000020 seconds.
  path: Assets/Food icons Pack/PNG/honey.png
  artifactKey: Guid(2fae0e1ac747f47648811811d0b34bfb) Importer(815301076,1909f56bfc062723c751e8b465ee728b)
Start importing Assets/Food icons Pack/PNG/honey.png using Guid(2fae0e1ac747f47648811811d0b34bfb) Importer(815301076,1909f56bfc062723c751e8b465ee728b)  -> (artifact id: '7771ac1a32f639a3ad21988377e757c1') in 0.010604 seconds
Number of updated asset objects reloaded before import = 0
Number of asset objects unloaded after import = 3
========================================================================
Received Import Request.
  Time since last request: 0.000016 seconds.
  path: Assets/Food icons Pack/PNG/leg chicken.png
  artifactKey: Guid(f89a4c1fde78944dcb14ead5d40721bc) Importer(815301076,1909f56bfc062723c751e8b465ee728b)
Start importing Assets/Food icons Pack/PNG/leg chicken.png using Guid(f89a4c1fde78944dcb14ead5d40721bc) Importer(815301076,1909f56bfc062723c751e8b465ee728b)  -> (artifact id: '7c86161ffec8a333ba03f7a1ac15f062') in 0.040460 seconds
Number of updated asset objects reloaded before import = 0
Number of asset objects unloaded after import = 3
========================================================================
Received Import Request.
  Time since last request: 0.000022 seconds.
  path: Assets/Food icons Pack/PNG/donuts.png
  artifactKey: Guid(af57cefb9e21e441da779138dfbfc9d1) Importer(815301076,1909f56bfc062723c751e8b465ee728b)
Start importing Assets/Food icons Pack/PNG/donuts.png using Guid(af57cefb9e21e441da779138dfbfc9d1) Importer(815301076,1909f56bfc062723c751e8b465ee728b)  -> (artifact id: '27bbce766064d69d393999ef48a800fc') in 0.013660 seconds
Number of updated asset objects reloaded before import = 0
Number of asset objects unloaded after import = 3
========================================================================
Received Import Request.
  Time since last request: 0.000023 seconds.
  path: Assets/Food icons Pack/PNG/bread.png
  artifactKey: Guid(d0f2ca00017af45a59e0ccc1e81d226f) Importer(815301076,1909f56bfc062723c751e8b465ee728b)
Start importing Assets/Food icons Pack/PNG/bread.png using Guid(d0f2ca00017af45a59e0ccc1e81d226f) Importer(815301076,1909f56bfc062723c751e8b465ee728b)  -> (artifact id: 'f7e878dc07a8a877b08add85ad75c354') in 0.019556 seconds
Number of updated asset objects reloaded before import = 0
Number of asset objects unloaded after import = 3
========================================================================
Received Import Request.
  Time since last request: 0.000022 seconds.
  path: Assets/Food icons Pack/PNG/broccoli.png
  artifactKey: Guid(bfbf8b6c3b15547df885053bd2807cdd) Importer(815301076,1909f56bfc062723c751e8b465ee728b)
Start importing Assets/Food icons Pack/PNG/broccoli.png using Guid(bfbf8b6c3b15547df885053bd2807cdd) Importer(815301076,1909f56bfc062723c751e8b465ee728b)  -> (artifact id: '55e18daf1ab49c3dd6a54aa093fffe3c') in 0.020244 seconds
Number of updated asset objects reloaded before import = 0
Number of asset objects unloaded after import = 3
========================================================================
Received Import Request.
  Time since last request: 0.000020 seconds.
  path: Assets/Food icons Pack/PNG/croissant.png
  artifactKey: Guid(135281cb907fb48c181406d64653a97e) Importer(815301076,1909f56bfc062723c751e8b465ee728b)
Start importing Assets/Food icons Pack/PNG/croissant.png using Guid(135281cb907fb48c181406d64653a97e) Importer(815301076,1909f56bfc062723c751e8b465ee728b)  -> (artifact id: '96d22f35d12ad303a867bae9b591dfc9') in 0.015118 seconds
Number of updated asset objects reloaded before import = 0
Number of asset objects unloaded after import = 3
========================================================================
Received Import Request.
  Time since last request: 0.000021 seconds.
  path: Assets/Food icons Pack/PNG/fish steak.png
  artifactKey: Guid(a1a5e23bba6eb4bb199f63ad13182e00) Importer(815301076,1909f56bfc062723c751e8b465ee728b)
Start importing Assets/Food icons Pack/PNG/fish steak.png using Guid(a1a5e23bba6eb4bb199f63ad13182e00) Importer(815301076,1909f56bfc062723c751e8b465ee728b)  -> (artifact id: '2dad14c79c8f15dc66071e2061df5c7d') in 0.013256 seconds
Number of updated asset objects reloaded before import = 0
Number of asset objects unloaded after import = 3
========================================================================
Received Import Request.
  Time since last request: 0.000025 seconds.
  path: Assets/Food icons Pack/PNG/mandrake root.png
  artifactKey: Guid(e3dc614602505465b84fcbed0d415d86) Importer(815301076,1909f56bfc062723c751e8b465ee728b)
Start importing Assets/Food icons Pack/PNG/mandrake root.png using Guid(e3dc614602505465b84fcbed0d415d86) Importer(815301076,1909f56bfc062723c751e8b465ee728b)  -> (artifact id: 'c493c95c7d567b1262f2fec4210753e9') in 0.016196 seconds
Number of updated asset objects reloaded before import = 0
Number of asset objects unloaded after import = 3
========================================================================
Received Import Request.
  Time since last request: 0.676463 seconds.
  path: Assets/Food icons Pack/PNG/mint.png
  artifactKey: Guid(54e45d5f21010431084a9de39db2da52) Importer(815301076,1909f56bfc062723c751e8b465ee728b)
Start importing Assets/Food icons Pack/PNG/mint.png using Guid(54e45d5f21010431084a9de39db2da52) Importer(815301076,1909f56bfc062723c751e8b465ee728b)  -> (artifact id: 'a0b52a95ef3b392588f52c9c449eff0c') in 0.026307 seconds
Number of updated asset objects reloaded before import = 0
Number of asset objects unloaded after import = 3
========================================================================
Received Import Request.
  Time since last request: 0.000147 seconds.
  path: Assets/Food icons Pack/PNG/octopus.png
  artifactKey: Guid(e505938e24e40403c872a4c05df3c3d8) Importer(815301076,1909f56bfc062723c751e8b465ee728b)
Start importing Assets/Food icons Pack/PNG/octopus.png using Guid(e505938e24e40403c872a4c05df3c3d8) Importer(815301076,1909f56bfc062723c751e8b465ee728b)  -> (artifact id: '8a37e0689ab39abb4ee11158b7837e02') in 0.023707 seconds
Number of updated asset objects reloaded before import = 0
Number of asset objects unloaded after import = 3
========================================================================
Received Import Request.
  Time since last request: 0.000023 seconds.
  path: Assets/Food icons Pack/PNG/pear.png
  artifactKey: Guid(31740551f69654fb7bc2a39c35d57d9c) Importer(815301076,1909f56bfc062723c751e8b465ee728b)
Start importing Assets/Food icons Pack/PNG/pear.png using Guid(31740551f69654fb7bc2a39c35d57d9c) Importer(815301076,1909f56bfc062723c751e8b465ee728b)  -> (artifact id: '56f76baa940f2ca5911ff861ed3889b4') in 0.014819 seconds
Number of updated asset objects reloaded before import = 0
Number of asset objects unloaded after import = 3
========================================================================
Received Import Request.
  Time since last request: 0.000024 seconds.
  path: Assets/Food icons Pack/PNG/onion.png
  artifactKey: Guid(28b180278493e4d0ea58f28a1c0ba01f) Importer(815301076,1909f56bfc062723c751e8b465ee728b)
Start importing Assets/Food icons Pack/PNG/onion.png using Guid(28b180278493e4d0ea58f28a1c0ba01f) Importer(815301076,1909f56bfc062723c751e8b465ee728b)  -> (artifact id: 'efca28efde48ed6313f611b12685bb57') in 0.014434 seconds
Number of updated asset objects reloaded before import = 0
Number of asset objects unloaded after import = 3
========================================================================
Received Import Request.
  Time since last request: 0.269510 seconds.
  path: Assets/Food icons Pack/PNG/pineapple.png
  artifactKey: Guid(a2e86a433aa8b49018db7c80923744bd) Importer(815301076,1909f56bfc062723c751e8b465ee728b)
Start importing Assets/Food icons Pack/PNG/pineapple.png using Guid(a2e86a433aa8b49018db7c80923744bd) Importer(815301076,1909f56bfc062723c751e8b465ee728b)  -> (artifact id: 'eced62fe45a58fca92e3cdbcccb0695d') in 0.034479 seconds
Number of updated asset objects reloaded before import = 0
Number of asset objects unloaded after import = 3
========================================================================
Received Import Request.
  Time since last request: 0.000143 seconds.
  path: Assets/Food icons Pack/PNG/radish.png
  artifactKey: Guid(de99b78e476e449da9e89297222df8df) Importer(815301076,1909f56bfc062723c751e8b465ee728b)
Start importing Assets/Food icons Pack/PNG/radish.png using Guid(de99b78e476e449da9e89297222df8df) Importer(815301076,1909f56bfc062723c751e8b465ee728b)  -> (artifact id: '4c6a44c3bafc50cfbe2484a11e9b0fdc') in 0.023500 seconds
Number of updated asset objects reloaded before import = 0
Number of asset objects unloaded after import = 3
========================================================================
Received Import Request.
  Time since last request: 0.000028 seconds.
  path: Assets/Food icons Pack/PNG/schnitzel.png
  artifactKey: Guid(af603204026e2456a94a095e52c55613) Importer(815301076,1909f56bfc062723c751e8b465ee728b)
Start importing Assets/Food icons Pack/PNG/schnitzel.png using Guid(af603204026e2456a94a095e52c55613) Importer(815301076,1909f56bfc062723c751e8b465ee728b)  -> (artifact id: 'b5217603a3b4182c437184fbfb9211b4') in 0.016644 seconds
Number of updated asset objects reloaded before import = 0
Number of asset objects unloaded after import = 3
========================================================================
Received Import Request.
  Time since last request: 0.000127 seconds.
  path: Assets/Food icons Pack/PNG/porridge.png
  artifactKey: Guid(61c163713ac384c368f96f3adabd765f) Importer(815301076,1909f56bfc062723c751e8b465ee728b)
Start importing Assets/Food icons Pack/PNG/porridge.png using Guid(61c163713ac384c368f96f3adabd765f) Importer(815301076,1909f56bfc062723c751e8b465ee728b)  -> (artifact id: 'e5389e03018d15307c0579f8b361c77b') in 0.010903 seconds
Number of updated asset objects reloaded before import = 0
Number of asset objects unloaded after import = 3
========================================================================
Received Import Request.
  Time since last request: 0.000072 seconds.
  path: Assets/Food icons Pack/PNG/spice1.png
  artifactKey: Guid(59310d6494c094eff9ffded8448cca9b) Importer(815301076,1909f56bfc062723c751e8b465ee728b)
Start importing Assets/Food icons Pack/PNG/spice1.png using Guid(59310d6494c094eff9ffded8448cca9b) Importer(815301076,1909f56bfc062723c751e8b465ee728b)  -> (artifact id: '4cbbd305e8a34178b476b9b387f62c3c') in 0.011017 seconds
Number of updated asset objects reloaded before import = 0
Number of asset objects unloaded after import = 3
========================================================================
Received Import Request.
  Time since last request: 0.000015 seconds.
  path: Assets/Food icons Pack/PNG/tea.png
  artifactKey: Guid(ffd9c3886ceba4432871778627f9f67f) Importer(815301076,1909f56bfc062723c751e8b465ee728b)
Start importing Assets/Food icons Pack/PNG/tea.png using Guid(ffd9c3886ceba4432871778627f9f67f) Importer(815301076,1909f56bfc062723c751e8b465ee728b)  -> (artifact id: '6c461306a7952efb34bd04fbf6fa6968') in 0.010972 seconds
Number of updated asset objects reloaded before import = 0
Number of asset objects unloaded after import = 3
========================================================================
Received Import Request.
  Time since last request: 0.000017 seconds.
  path: Assets/Food icons Pack/PNG/tomato.png
  artifactKey: Guid(bb7faf4c850ef48cdb33c2bd17737619) Importer(815301076,1909f56bfc062723c751e8b465ee728b)
Start importing Assets/Food icons Pack/PNG/tomato.png using Guid(bb7faf4c850ef48cdb33c2bd17737619) Importer(815301076,1909f56bfc062723c751e8b465ee728b)  -> (artifact id: 'c0e2fc40ca238b9f5df6bb2a267fe678') in 0.017565 seconds
Number of updated asset objects reloaded before import = 0
Number of asset objects unloaded after import = 3
========================================================================
Received Import Request.
  Time since last request: 0.000015 seconds.
  path: Assets/Food icons Pack/PNG/Untitled-1.png
  artifactKey: Guid(b359b2288b58743708bd438ac3fa1f7f) Importer(815301076,1909f56bfc062723c751e8b465ee728b)
Start importing Assets/Food icons Pack/PNG/Untitled-1.png using Guid(b359b2288b58743708bd438ac3fa1f7f) Importer(815301076,1909f56bfc062723c751e8b465ee728b)  -> (artifact id: '8ced04a9d8cbfd563d364f64dd1e8132') in 0.014284 seconds
Number of updated asset objects reloaded before import = 0
Number of asset objects unloaded after import = 3
========================================================================
Received Import Request.
  Time since last request: 0.000019 seconds.
  path: Assets/Food icons Pack/PNG/sausage.png
  artifactKey: Guid(c2d9e80be85564073abdc0cc14bfe297) Importer(815301076,1909f56bfc062723c751e8b465ee728b)
Start importing Assets/Food icons Pack/PNG/sausage.png using Guid(c2d9e80be85564073abdc0cc14bfe297) Importer(815301076,1909f56bfc062723c751e8b465ee728b)  -> (artifact id: '94eec93d4bca3e914ab6408626f57add') in 0.013550 seconds
Number of updated asset objects reloaded before import = 0
Number of asset objects unloaded after import = 3
========================================================================
Received Import Request.
  Time since last request: 0.000018 seconds.
  path: Assets/Food icons Pack/PNG/pumpiking.png
  artifactKey: Guid(8db812cdee0ff412c94a9c8b74e0b199) Importer(815301076,1909f56bfc062723c751e8b465ee728b)
Start importing Assets/Food icons Pack/PNG/pumpiking.png using Guid(8db812cdee0ff412c94a9c8b74e0b199) Importer(815301076,1909f56bfc062723c751e8b465ee728b)  -> (artifact id: '30326d7da71b2ccd2c11c3a8e5a0f888') in 0.015301 seconds
Number of updated asset objects reloaded before import = 0
Number of asset objects unloaded after import = 3
